<?xml version="1.0" encoding="utf-8"?>

<!DOCTYPE hibernate-configuration PUBLIC
        "-//Hibernate/Hibernate Configuration DTD 3.0//EN"
        "http://hibernate.sourceforge.net/hibernate-configuration-3.0.dtd">

<hibernate-configuration>
    <session-factory>
        <mapping resource="PaperRecordRequest.hbm.xml"/>
        <mapping resource="PaperRecordMergeRequest.hbm.xml"/>

        <mapping resource="Provider.hbm.xml"/>
        <mapping resource="ProviderRole.hbm.xml"/>

        <mapping resource="ImportedPackage.hbm.xml"/>

        <mapping resource="ReportDesign.hbm.xml" />
    </session-factory>
</hibernate-configuration>
